<?xml version="1.0" encoding="UTF-8"?>
<!-- Generated by org.testng.reporters.JUnitReportReporter -->
<testsuite skipped="0" hostname="Pravin-PC" name="testcases.TC001_CreateLead" tests="1" failures="0" timestamp="20 Nov 2019 12:10:57 GMT" time="22.275" errors="0">
  <testcase name="createLead" time="22.275" classname="testcases.TC001_CreateLead"/>
</testsuite> <!-- testcases.TC001_CreateLead -->
